[main] WARN org.apache.maven.cli.logging.BaseSlf4jConfiguration - setRootLoggerLevel: operation not supported
[main] WARN org.apache.maven.cli.logging.BaseSlf4jConfiguration - reset(): operation not supported
[main] INFO org.apache.maven.cli.event.ExecutionEventLogger - Scanning for projects...
[main] INFO org.apache.maven.cli.event.ExecutionEventLogger -                                                                         
[main] INFO org.apache.maven.cli.event.ExecutionEventLogger - ------------------------------------------------------------------------
[main] INFO org.apache.maven.cli.event.ExecutionEventLogger - Building GitHubToExcel 1.0-SNAPSHOT
[main] INFO org.apache.maven.cli.event.ExecutionEventLogger - ------------------------------------------------------------------------
[main] INFO org.apache.maven.cli.event.ExecutionEventLogger - 
[main] INFO org.apache.maven.cli.event.ExecutionEventLogger - --- maven-clean-plugin:2.5:clean (default-clean) @ GitHubToExcel ---
[main] INFO org.apache.maven.plugin.clean.CleanMojo - Deleting C:\Users\yeong\Desktop\Dominators-master\repo\259132\target
[main] INFO org.apache.maven.cli.event.ExecutionEventLogger - 
[main] INFO org.apache.maven.cli.event.ExecutionEventLogger - --- maven-resources-plugin:2.6:resources (default-resources) @ GitHubToExcel ---
[main] INFO org.apache.maven.shared.filtering.DefaultMavenResourcesFiltering - Using 'UTF-8' encoding to copy filtered resources.
[main] INFO org.apache.maven.shared.filtering.DefaultMavenResourcesFiltering - skip non existing resourceDirectory C:\Users\yeong\Desktop\Dominators-master\repo\259132\src\main\resources
[main] INFO org.apache.maven.cli.event.ExecutionEventLogger - 
[main] INFO org.apache.maven.cli.event.ExecutionEventLogger - --- maven-compiler-plugin:2.5.1:compile (default-compile) @ GitHubToExcel ---
[main] INFO org.codehaus.plexus.compiler.javac.JavacCompiler - Compiling 2 source files to C:\Users\yeong\Desktop\Dominators-master\repo\259132\target\classes
[main] INFO org.apache.maven.cli.event.ExecutionEventLogger - 
[main] INFO org.apache.maven.cli.event.ExecutionEventLogger - --- maven-resources-plugin:2.6:testResources (default-testResources) @ GitHubToExcel ---
[main] INFO org.apache.maven.shared.filtering.DefaultMavenResourcesFiltering - Using 'UTF-8' encoding to copy filtered resources.
[main] INFO org.apache.maven.shared.filtering.DefaultMavenResourcesFiltering - skip non existing resourceDirectory C:\Users\yeong\Desktop\Dominators-master\repo\259132\src\test\resources
[main] INFO org.apache.maven.cli.event.ExecutionEventLogger - 
[main] INFO org.apache.maven.cli.event.ExecutionEventLogger - --- maven-compiler-plugin:2.5.1:testCompile (default-testCompile) @ GitHubToExcel ---
[main] INFO org.apache.maven.plugin.TestCompilerMojo - No sources to compile
[main] INFO org.apache.maven.cli.event.ExecutionEventLogger - 
[main] INFO org.apache.maven.cli.event.ExecutionEventLogger - --- maven-surefire-plugin:2.12.4:test (default-test) @ GitHubToExcel ---
[main] INFO org.apache.maven.plugin.surefire.SurefirePlugin - No tests to run.
[main] INFO org.apache.maven.cli.event.ExecutionEventLogger - 
[main] INFO org.apache.maven.cli.event.ExecutionEventLogger - --- maven-jar-plugin:2.4:jar (default-jar) @ GitHubToExcel ---
[main] INFO org.codehaus.plexus.archiver.jar.JarArchiver - Building jar: C:\Users\yeong\Desktop\Dominators-master\repo\259132\target\GitHubToExcel-1.0-SNAPSHOT.jar
[main] INFO org.apache.maven.cli.event.ExecutionEventLogger - 
[main] INFO org.apache.maven.cli.event.ExecutionEventLogger - --- maven-install-plugin:2.4:install (default-install) @ GitHubToExcel ---
[main] INFO org.apache.maven.DefaultMaven - Installing C:\Users\yeong\Desktop\Dominators-master\repo\259132\target\GitHubToExcel-1.0-SNAPSHOT.jar to C:\Users\yeong\.m2\repository\com\mycompany\GitHubToExcel\1.0-SNAPSHOT\GitHubToExcel-1.0-SNAPSHOT.jar
[main] INFO org.apache.maven.DefaultMaven - Installing C:\Users\yeong\Desktop\Dominators-master\repo\259132\pom.xml to C:\Users\yeong\.m2\repository\com\mycompany\GitHubToExcel\1.0-SNAPSHOT\GitHubToExcel-1.0-SNAPSHOT.pom
[main] INFO org.apache.maven.cli.event.ExecutionEventLogger - ------------------------------------------------------------------------
[main] INFO org.apache.maven.cli.event.ExecutionEventLogger - BUILD SUCCESS
[main] INFO org.apache.maven.cli.event.ExecutionEventLogger - ------------------------------------------------------------------------
[main] INFO org.apache.maven.cli.event.ExecutionEventLogger - Total time: 1.711s
[main] INFO org.apache.maven.cli.event.ExecutionEventLogger - Finished at: Thu Jan 02 18:40:41 MYT 2020
[main] INFO org.apache.maven.cli.event.ExecutionEventLogger - Final Memory: 39M/122M
[main] INFO org.apache.maven.cli.event.ExecutionEventLogger - ------------------------------------------------------------------------
