[main] WARN org.apache.maven.cli.logging.BaseSlf4jConfiguration - setRootLoggerLevel: operation not supported
[main] WARN org.apache.maven.cli.logging.BaseSlf4jConfiguration - reset(): operation not supported
[main] INFO org.apache.maven.cli.event.ExecutionEventLogger - Scanning for projects...
[main] INFO org.apache.maven.cli.event.ExecutionEventLogger -                                                                         
[main] INFO org.apache.maven.cli.event.ExecutionEventLogger - ------------------------------------------------------------------------
[main] INFO org.apache.maven.cli.event.ExecutionEventLogger - Building Assignment1 1.0-SNAPSHOT
[main] INFO org.apache.maven.cli.event.ExecutionEventLogger - ------------------------------------------------------------------------
[main] INFO org.apache.maven.cli.event.ExecutionEventLogger - 
[main] INFO org.apache.maven.cli.event.ExecutionEventLogger - --- maven-clean-plugin:2.5:clean (default-clean) @ tryasg1 ---
[main] INFO org.apache.maven.cli.event.ExecutionEventLogger - 
[main] INFO org.apache.maven.cli.event.ExecutionEventLogger - --- maven-resources-plugin:2.6:resources (default-resources) @ tryasg1 ---
[main] INFO org.apache.maven.shared.filtering.DefaultMavenResourcesFiltering - Using 'UTF-8' encoding to copy filtered resources.
[main] INFO org.apache.maven.shared.filtering.DefaultMavenResourcesFiltering - skip non existing resourceDirectory C:\Users\yeong\Desktop\Dominators-master\repo\259501\src\main\resources
[main] INFO org.apache.maven.cli.event.ExecutionEventLogger - 
[main] INFO org.apache.maven.cli.event.ExecutionEventLogger - --- maven-compiler-plugin:2.5.1:compile (default-compile) @ tryasg1 ---
[main] INFO org.codehaus.plexus.compiler.javac.JavacCompiler - Compiling 10 source files to C:\Users\yeong\Desktop\Dominators-master\repo\259501\target\classes
[main] INFO org.apache.maven.cli.event.ExecutionEventLogger - 
[main] INFO org.apache.maven.cli.event.ExecutionEventLogger - --- maven-resources-plugin:2.6:testResources (default-testResources) @ tryasg1 ---
[main] INFO org.apache.maven.shared.filtering.DefaultMavenResourcesFiltering - Using 'UTF-8' encoding to copy filtered resources.
[main] INFO org.apache.maven.shared.filtering.DefaultMavenResourcesFiltering - skip non existing resourceDirectory C:\Users\yeong\Desktop\Dominators-master\repo\259501\src\test\resources
[main] INFO org.apache.maven.cli.event.ExecutionEventLogger - 
[main] INFO org.apache.maven.cli.event.ExecutionEventLogger - --- maven-compiler-plugin:2.5.1:testCompile (default-testCompile) @ tryasg1 ---
[main] INFO org.apache.maven.plugin.TestCompilerMojo - No sources to compile
[main] INFO org.apache.maven.cli.event.ExecutionEventLogger - 
[main] INFO org.apache.maven.cli.event.ExecutionEventLogger - --- maven-surefire-plugin:2.12.4:test (default-test) @ tryasg1 ---
[main] INFO org.apache.maven.plugin.surefire.SurefirePlugin - No tests to run.
[main] INFO org.apache.maven.cli.event.ExecutionEventLogger - 
[main] INFO org.apache.maven.cli.event.ExecutionEventLogger - --- maven-jar-plugin:2.4:jar (default-jar) @ tryasg1 ---
[main] INFO org.codehaus.plexus.archiver.jar.JarArchiver - Building jar: C:\Users\yeong\Desktop\Dominators-master\repo\259501\target\tryasg1-1.0-SNAPSHOT.jar
[main] INFO org.apache.maven.cli.event.ExecutionEventLogger - 
[main] INFO org.apache.maven.cli.event.ExecutionEventLogger - --- maven-shade-plugin:1.3.1:shade (default) @ tryasg1 ---
[main] INFO org.apache.maven.plugins.shade.mojo.ShadeMojo - Including org.apache.commons:commons-lang3:jar:3.8.1 in the shaded jar.
[main] INFO org.apache.maven.plugins.shade.mojo.ShadeMojo - Including org.jsoup:jsoup:jar:1.11.3 in the shaded jar.
[main] INFO org.apache.maven.plugins.shade.mojo.ShadeMojo - Including org.apache.poi:poi:jar:4.0.0 in the shaded jar.
[main] INFO org.apache.maven.plugins.shade.mojo.ShadeMojo - Including commons-codec:commons-codec:jar:1.10 in the shaded jar.
[main] INFO org.apache.maven.plugins.shade.mojo.ShadeMojo - Including org.apache.commons:commons-collections4:jar:4.2 in the shaded jar.
[main] INFO org.apache.maven.plugins.shade.mojo.ShadeMojo - Including org.apache.poi:poi-ooxml:jar:4.0.0 in the shaded jar.
[main] INFO org.apache.maven.plugins.shade.mojo.ShadeMojo - Including org.apache.poi:poi-ooxml-schemas:jar:4.0.0 in the shaded jar.
[main] INFO org.apache.maven.plugins.shade.mojo.ShadeMojo - Including org.apache.xmlbeans:xmlbeans:jar:3.0.1 in the shaded jar.
[main] INFO org.apache.maven.plugins.shade.mojo.ShadeMojo - Including org.apache.commons:commons-compress:jar:1.18 in the shaded jar.
[main] INFO org.apache.maven.plugins.shade.mojo.ShadeMojo - Including com.github.virtuald:curvesapi:jar:1.04 in the shaded jar.
[main] INFO org.apache.maven.plugins.shade.mojo.ShadeMojo - Replacing original artifact with shaded artifact.
[main] INFO org.apache.maven.plugins.shade.mojo.ShadeMojo - Replacing C:\Users\yeong\Desktop\Dominators-master\repo\259501\target\tryasg1-1.0-SNAPSHOT.jar with C:\Users\yeong\Desktop\Dominators-master\repo\259501\target\tryasg1-1.0-SNAPSHOT-shaded.jar
[main] INFO org.apache.maven.cli.event.ExecutionEventLogger - 
[main] INFO org.apache.maven.cli.event.ExecutionEventLogger - --- maven-install-plugin:2.4:install (default-install) @ tryasg1 ---
[main] INFO org.apache.maven.DefaultMaven - Installing C:\Users\yeong\Desktop\Dominators-master\repo\259501\target\tryasg1-1.0-SNAPSHOT.jar to C:\Users\yeong\.m2\repository\groupId\tryasg1\1.0-SNAPSHOT\tryasg1-1.0-SNAPSHOT.jar
[main] INFO org.apache.maven.DefaultMaven - Installing C:\Users\yeong\Desktop\Dominators-master\repo\259501\dependency-reduced-pom.xml to C:\Users\yeong\.m2\repository\groupId\tryasg1\1.0-SNAPSHOT\tryasg1-1.0-SNAPSHOT.pom
[main] INFO org.apache.maven.cli.event.ExecutionEventLogger - ------------------------------------------------------------------------
[main] INFO org.apache.maven.cli.event.ExecutionEventLogger - BUILD SUCCESS
[main] INFO org.apache.maven.cli.event.ExecutionEventLogger - ------------------------------------------------------------------------
[main] INFO org.apache.maven.cli.event.ExecutionEventLogger - Total time: 1:27.377s
[main] INFO org.apache.maven.cli.event.ExecutionEventLogger - Finished at: Thu Jan 02 18:37:05 MYT 2020
[main] INFO org.apache.maven.cli.event.ExecutionEventLogger - Final Memory: 34M/115M
[main] INFO org.apache.maven.cli.event.ExecutionEventLogger - ------------------------------------------------------------------------
