 have not submitted the GitHub account.
245607 have not submitted the GitHub account.
249879 have not submitted the GitHub account.
250634 have not submitted the GitHub account.
254660 have not submitted the GitHub account.
255403 have not submitted the GitHub account.
259132 have not submitted the GitHub account.
256510 have submitted the GitHub account.
256549 have submitted the GitHub account.
259501 have submitted the GitHub account.
252709 have submitted the GitHub account.
256750 have submitted the GitHub account.
254423 have submitted the GitHub account.
253288 have submitted the GitHub account.
259521 have submitted the GitHub account.
255312 have submitted the GitHub account.
253814 have submitted the GitHub account.
253881 have submitted the GitHub account.
255108 have submitted the GitHub account.
256599 have submitted the GitHub account.
256609 have submitted the GitHub account.
250615 have submitted the GitHub account.
254772 have submitted the GitHub account.
254645 have submitted the GitHub account.
255541 have submitted the GitHub account.
255227 have submitted the GitHub account.
259296 have submitted the GitHub account.
251230 have submitted the GitHub account.
243147 have submitted the GitHub account.
254251 have submitted the GitHub account.
255101 have submitted the GitHub account.
259383 have submitted the GitHub account.
259187 have submitted the GitHub account.
256643 have submitted the GitHub account.
247991 have submitted the GitHub account.
246210 have submitted the GitHub account.
 Students who have submitted the GitHub account.
| No. | Matric | Name                                  | GitHub Link                            |
|-----|--------|---------------------------------------|----------------------------------------|
|1    |256510  |:Nur Athirah bt Roslan                 |https://github.com/Quitetve             |
|2    |256549  |: Muhammad Hariz bin Mohd Hafidz       |https://github.com/muhdhariz            |
|3    |259501  |: Phuah Mei Qi                         |https://github.com/PhuahMeiQi           |
|4    |252709  |: Baktajivan Pillay A/L Kanegekumar    |https://github.com/Gv3N                 |
|5    |256750  |: LIM GUANG WAY                        |https://github.com/jasonway96           |
|6    |254423  |: Thinesh subramani                    |https://github.com/thinesh40            |
|7    |253288  |: Mohamad Aidil Qayyum Bin Mohd Tarmizi|https://github.com/aidqayyum            |
|8    |259521  |: Soh Chee Fung                        |https://github.com/sohcheefung          |
|9    |255312  |: Mohammad Faris Bin Ahmad Shukri      |https://github.com/farisleh             |
|10   |253814  |: Tan Cheng Yi                         |https://github.com/TanChengYi           |
|11   |253881  |: Ong Xun Sheng                        |https://github.com/OXunSheng            |
|12   |255108  | : GAN LIAN JIE                        |https://github.com/coNNectGan           |
|13   |256599  |: Muhammad Asyraf Bin Azham Shah       |https://github.com/macasyraf            |
|14   |256609  |: Vissanuck Ket Keaw A/L Charat        |https://github.com/vissanuck            |
|15   |250615  |: Pra yat a/l Ai chek                  |https://github.com/prayat15             |
|16   |254772  | : yeong shyh haw                      |https://github.com/yeongshyhhaw         |
|17   |254645  |: SITI ZULAIKHA BINTI MOHAMAD RUSLI    |https://github.com/Zulaikha97           |
|18   |255541  |: MUHAMMAD SUFYAN BIN AHMAD KAMAL      |https://github.com/sufyankamal          |
|19   |255227  | : Norhalimah binti Mohamad Ramli      |https://github.com/SilentHLive          |
|20   |259296  | : Tan Wei Di                          |https://github.com/weiditan             |
|21   |251230  |:Wang Luo                              |https://github.com/WwLuo-1024           |
|22   |243147  |:Yao YangJian                          |https://github.com/yyjmax               |
|23   |254251  | : Eng Pei Pei                         |https://github.com/peipei28             |
|24   |255101  |: liviniesh nambiar a/l vijaya kumaran |https://github.com/liviniesh            |
|25   |259383  |: Nurshafiqah diela binti Abas         |https://github.com/Nurshafiqahdiela     |
|26   |259187  | Tan Yee Chian                         |https://github.com/ychian234            |
|27   |256643  |: Chin Shiann Fuh                      |https://github.com/chinsfuh             |
|28   |253242  |: Chin Shiann Fuh                      |https://github.com/madihahdihah97       |
|29   |25660   |: Nor Aida Binti Amuruddin             |https://github.com/aida27               |
|30   |247991  |: Siti Najihah bt Mohamad Fauzi        |https://github.com/najihahF             |
|31   |246210  |: Nurhana Binti Abd Wahab              |https://github.com/sonyhana7            |
|32   |271457  | : Arif Farhan bin Azmi                |https://github.com/SirFarr              |
|-----|--------|---------------------------------------|----------------------------------------|
The MS Excel file have succesfully created in D:/info.xls
