
Students who have submitted
 _____________________________________________________________________________________________________
| No.  | Matric  | Name                                   | Github Link                               |
|------|---------|----------------------------------------|-------------------------------------------|
|    1 |  243147 |                           Yao Yangjian |                 https://github.com/yyjmax |
|    2 |  246210 |                Nurhana Binti Abd Wahab |              https://github.com/sonyhana7 |
|    3 |  247991 |       Siti Najihah Binti Mohamad Fauzi |               https://github.com/najihahF |
|    4 |  250615 |                    Pra Yat A/L Ai Chek |               https://github.com/prayat15 |
|    5 |  251230 |                               Wang Luo |                  https://github.com/WwLuo |
|    6 |  252709 |      Baktajivan Pillay A/L Kanegekumar |                   https://github.com/Gv3N |
|    7 |  253288 |  Mohamad Aidil Qayyum Bin Mohd Tarmizi |              https://github.com/aidqayyum |
|    8 |  253814 |                           Tan Cheng Yi |             https://github.com/TanChengYi |
|    9 |  253881 |                          Ong Xun Sheng |              https://github.com/OXunSheng |
|   10 |  254251 |                            Eng Pei Pei |               https://github.com/peipei28 |
|   11 |  254423 |                  Thinesh A/L Subramani |              https://github.com/thinesh40 |
|   12 |  254645 |      Siti Zulaikha Binti Mohamad Rusli |             https://github.com/Zulaikha97 |
|   13 |  254660 |               Nor Aida Binti Amuruddin |                 https://github.com/aida27 |
|   14 |  254772 |                         Yeong Shyh Haw |           https://github.com/yeongshyhhaw |
|   15 |  255101 |   Liviniesh Nambiar A/L Vijaya Kumaran |              https://github.com/liviniesh |
|   16 |  255108 |                           Gan Lian Jie |             https://github.com/coNNectGan |
|   17 |  255227 |         Norhalimah Binti Mohamad Ramli |            https://github.com/SilentHLive |
|   18 |  255312 |        Mohammad Faris Bin Ahmad Shukri |               https://github.com/farisleh |
|   19 |  255541 |        Muhammad Sufyan Bin Ahmad Kamal |            https://github.com/sufyankamal |
|   20 |  256510 |               Nur Athirah Binti Roslan |               https://github.com/Quitetve |
|   21 |  256549 |         Muhammad Hariz Bin Mohd Hafidz |              https://github.com/muhdhariz |
|   22 |  256599 |         Muhammad Asyraf Bin Azham Shah |              https://github.com/macasyraf |
|   23 |  256609 |          Vissanuck Ket Keaw A/L Charat |              https://github.com/vissanuck |
|   24 |  256643 |                        Chin Shiann Fuh |               https://github.com/chinsfuh |
|   25 |  256750 |                          Lim Guang Way |             https://github.com/jasonway96 |
|   26 |  259187 |                          Tan Yee Chian |              https://github.com/ychian234 |
|   27 |  259296 |                             Tan Wei Di |               https://github.com/weiditan |
|   28 |  259383 |           Nurshafiqah Diela Binti Abas |       https://github.com/Nurshafiqahdiela |
|   29 |  259501 |                           Phuah Mei Qi |             https://github.com/PhuahMeiQi |
|   30 |  259521 |                          Soh Chee Fung |            https://github.com/sohcheefung |
 _____________________________________________________________________________________________________

Students who have not submitted
 _____________________________________________________________________________________________________
| No.  | Matric  | Name                                   | Github Link                               |
|------|---------|----------------------------------------|-------------------------------------------|
|    1 |  245607 |           Siti Nur Fatihah Binti Fauzi |                                      null |
|    2 |  249879 |             Bawazir Ahmed Abobakr Omar |                                      null |
|    3 |  250634 |            Ahmad Afham Bin Noor Azizan |                                      null |
|    4 |  255403 |          Nur Afifah Binti Ahmad Supyan |                                      null |
|    5 |  259132 |           Mohd Fazlizam Bin Ahmad Puad |                                      null |
 _____________________________________________________________________________________________________

Students who have submitted but does not exist in the List of Student
 _____________________________________________________________________________________________________
| No.  | Matric  | Name                                   | Github Link                               |
|------|---------|----------------------------------------|-------------------------------------------|
|    1 |  253242 |        UMI MADIHAH BINTI MOHAMED RAIMI |         https://github.com/madihahdihah97 |
|    2 |  271457 |                   Arif Farhan bin Azmi |                https://github.com/SirFarr |
 _____________________________________________________________________________________________________



Generating an Excel file for the report..
An Excel file named 'Report' has been generated.
